Content-Type: text/plain; charset="utf-8"
Content-Transfer-Encoding: quoted-printable
MIME-Version: 1.0
Subject: Restablecimiento de =?utf-8?q?contrase=C3=B1a?= - 127.0.0.1:8000
From: webmaster@localhost
To: atrinidaddr0469@gmail.com
Date: Wed, 01 Jul 2026 21:20:45 +0000
Message-ID: <178294084576.10628.1304641283165614616@DESKTOP-0LRRSP3>



=C2=A1Hola!

Recibiste este correo porque solicitaste restablecer tu contrase=C3=B1a en 12=
7.0.0.1:8000.

Para restablecer tu contrase=C3=B1a, haz clic en el siguiente enlace:

http://127.0.0.1:8000/users/password-reset/NA/db1s6l-73a4cad2996890c7501755b0=
68690325/

Si no solicitaste este cambio, ignora este correo.

Atentamente,
El equipo de 127.0.0.1:8000

---
127.0.0.1:8000 - Venta Precio Justo

-------------------------------------------------------------------------------
