Content-Type: text/plain; charset="utf-8"
Content-Transfer-Encoding: quoted-printable
MIME-Version: 1.0
Subject: Restablecimiento de =?utf-8?q?contrase=C3=B1a?= - 127.0.0.1:8000
From: webmaster@localhost
To: atrinidaddr0469@gmail.com
Date: Wed, 01 Jul 2026 21:28:31 +0000
Message-ID: <178294131100.16740.9103946792019104194@DESKTOP-0LRRSP3>



=C2=A1Hola!

Recibiste este correo porque solicitaste restablecer tu contrase=C3=B1a en 12=
7.0.0.1:8000.

Para restablecer tu contrase=C3=B1a, haz clic en el siguiente enlace:

http://127.0.0.1:8000/users/password-reset/NA/db1sji-262bbb138eccf4e609d7bb21=
776182df/

Si no solicitaste este cambio, ignora este correo.

Atentamente,
El equipo de 127.0.0.1:8000

---
127.0.0.1:8000 - Venta Precio Justo

-------------------------------------------------------------------------------
