Content-Type: text/plain; charset="utf-8"
Content-Transfer-Encoding: quoted-printable
MIME-Version: 1.0
Subject: Restablecimiento de =?utf-8?q?contrase=C3=B1a?= -
 whacky-deceiver-motive.ngrok-free.dev
From: webmaster@localhost
To: manuel1@gmail.com
Date: Wed, 01 Jul 2026 00:13:31 +0000
Message-ID: <178286481120.16620.9202405855938734876@DESKTOP-0LRRSP3>



=C2=A1Hola!

Recibiste este correo porque solicitaste restablecer tu contrase=C3=B1a en wh=
acky-deceiver-motive.ngrok-free.dev.

Para restablecer tu contrase=C3=B1a, haz clic en el siguiente enlace:

http://whacky-deceiver-motive.ngrok-free.dev/users/password-reset/Mzc/db05ij-=
2b3a39c6caeb227bb73ef78e2f429fda/

Si no solicitaste este cambio, ignora este correo.

Atentamente,
El equipo de whacky-deceiver-motive.ngrok-free.dev

---
whacky-deceiver-motive.ngrok-free.dev - Venta Precio Justo

-------------------------------------------------------------------------------
